{"/home/panechek/frontend-project-lvl2/src/compare.js": {"path":"/home/panechek/frontend-project-lvl2/src/compare.js","statementMap":{"0":{"start":{"line":3,"column":16},"end":{"line":26,"column":1}},"1":{"start":{"line":4,"column":15},"end":{"line":4,"column":76}},"2":{"start":{"line":5,"column":2},"end":{"line":5,"column":14}},"3":{"start":{"line":6,"column":17},"end":{"line":23,"column":3}},"4":{"start":{"line":8,"column":4},"end":{"line":21,"column":5}},"5":{"start":{"line":9,"column":6},"end":{"line":16,"column":7}},"6":{"start":{"line":10,"column":8},"end":{"line":10,"column":60}},"7":{"start":{"line":11,"column":13},"end":{"line":16,"column":7}},"8":{"start":{"line":12,"column":25},"end":{"line":12,"column":56}},"9":{"start":{"line":13,"column":8},"end":{"line":13,"column":58}},"10":{"start":{"line":15,"column":8},"end":{"line":15,"column":110}},"11":{"start":{"line":17,"column":11},"end":{"line":21,"column":5}},"12":{"start":{"line":18,"column":6},"end":{"line":18,"column":63}},"13":{"start":{"line":20,"column":6},"end":{"line":20,"column":60}},"14":{"start":{"line":22,"column":4},"end":{"line":22,"column":15}},"15":{"start":{"line":24,"column":17},"end":{"line":24,"column":51}},"16":{"start":{"line":24,"column":39},"end":{"line":24,"column":50}},"17":{"start":{"line":25,"column":2},"end":{"line":25,"column":16}}},"fnMap":{"0":{"name":"(anonymous_0)","decl":{"start":{"line":3,"column":16},"end":{"line":3,"column":17}},"loc":{"start":{"line":3,"column":34},"end":{"line":26,"column":1}},"line":3},"1":{"name":"(anonymous_1)","decl":{"start":{"line":6,"column":17},"end":{"line":6,"column":18}},"loc":{"start":{"line":6,"column":26},"end":{"line":23,"column":3}},"line":6},"2":{"name":"(anonymous_2)","decl":{"start":{"line":24,"column":30},"end":{"line":24,"column":31}},"loc":{"start":{"line":24,"column":39},"end":{"line":24,"column":50}},"line":24}},"branchMap":{"0":{"loc":{"start":{"line":8,"column":4},"end":{"line":21,"column":5}},"type":"if","locations":[{"start":{"line":8,"column":4},"end":{"line":21,"column":5}},{"start":{"line":17,"column":11},"end":{"line":21,"column":5}}],"line":8},"1":{"loc":{"start":{"line":8,"column":8},"end":{"line":8,"column":46}},"type":"binary-expr","locations":[{"start":{"line":8,"column":8},"end":{"line":8,"column":25}},{"start":{"line":8,"column":29},"end":{"line":8,"column":46}}],"line":8},"2":{"loc":{"start":{"line":9,"column":6},"end":{"line":16,"column":7}},"type":"if","locations":[{"start":{"line":9,"column":6},"end":{"line":16,"column":7}},{"start":{"line":11,"column":13},"end":{"line":16,"column":7}}],"line":9},"3":{"loc":{"start":{"line":11,"column":13},"end":{"line":16,"column":7}},"type":"if","locations":[{"start":{"line":11,"column":13},"end":{"line":16,"column":7}},{"start":{"line":14,"column":13},"end":{"line":16,"column":7}}],"line":11},"4":{"loc":{"start":{"line":11,"column":17},"end":{"line":11,"column":81}},"type":"binary-expr","locations":[{"start":{"line":11,"column":17},"end":{"line":11,"column":47}},{"start":{"line":11,"column":51},"end":{"line":11,"column":81}}],"line":11},"5":{"loc":{"start":{"line":17,"column":11},"end":{"line":21,"column":5}},"type":"if","locations":[{"start":{"line":17,"column":11},"end":{"line":21,"column":5}},{"start":{"line":19,"column":11},"end":{"line":21,"column":5}}],"line":17}},"s":{"0":1,"1":16,"2":16,"3":16,"4":59,"5":35,"6":10,"7":25,"8":12,"9":12,"10":13,"11":24,"12":8,"13":16,"14":59,"15":16,"16":59,"17":16},"f":{"0":16,"1":59,"2":59},"b":{"0":[35,24],"1":[59,43],"2":[10,25],"3":[12,13],"4":[25,15],"5":[8,16]},"_coverageSchema":"1a1c01bbd47fc00a2c39e90264f33305004495a9","hash":"f2938826f28f8cc59819ad6b2ea893b352e398e8"}
,"/home/panechek/frontend-project-lvl2/src/getPath.js": {"path":"/home/panechek/frontend-project-lvl2/src/getPath.js","statementMap":{"0":{"start":{"line":4,"column":16},"end":{"line":13,"column":1}},"1":{"start":{"line":5,"column":2},"end":{"line":7,"column":3}},"2":{"start":{"line":6,"column":4},"end":{"line":6,"column":20}},"3":{"start":{"line":8,"column":21},"end":{"line":8,"column":51}},"4":{"start":{"line":9,"column":20},"end":{"line":9,"column":44}},"5":{"start":{"line":10,"column":25},"end":{"line":10,"column":83}},"6":{"start":{"line":10,"column":31},"end":{"line":10,"column":83}},"7":{"start":{"line":11,"column":19},"end":{"line":11,"column":35}},"8":{"start":{"line":12,"column":2},"end":{"line":12,"column":18}}},"fnMap":{"0":{"name":"(anonymous_0)","decl":{"start":{"line":4,"column":16},"end":{"line":4,"column":17}},"loc":{"start":{"line":4,"column":30},"end":{"line":13,"column":1}},"line":4},"1":{"name":"(anonymous_1)","decl":{"start":{"line":10,"column":25},"end":{"line":10,"column":26}},"loc":{"start":{"line":10,"column":31},"end":{"line":10,"column":83}},"line":10}},"branchMap":{"0":{"loc":{"start":{"line":5,"column":2},"end":{"line":7,"column":3}},"type":"if","locations":[{"start":{"line":5,"column":2},"end":{"line":7,"column":3}},{"start":{},"end":{}}],"line":5}},"s":{"0":1,"1":8,"2":7,"3":1,"4":1,"5":1,"6":1,"7":1,"8":1},"f":{"0":8,"1":1},"b":{"0":[7,1]},"_coverageSchema":"1a1c01bbd47fc00a2c39e90264f33305004495a9","hash":"e47a3e0261150a43e40007e290e5dd3c3beac07f"}
,"/home/panechek/frontend-project-lvl2/src/index.js": {"path":"/home/panechek/frontend-project-lvl2/src/index.js","statementMap":{"0":{"start":{"line":6,"column":16},"end":{"line":13,"column":1}},"1":{"start":{"line":7,"column":16},"end":{"line":7,"column":34}},"2":{"start":{"line":8,"column":16},"end":{"line":8,"column":34}},"3":{"start":{"line":9,"column":16},"end":{"line":9,"column":30}},"4":{"start":{"line":10,"column":16},"end":{"line":10,"column":30}},"5":{"start":{"line":11,"column":17},"end":{"line":11,"column":38}},"6":{"start":{"line":12,"column":2},"end":{"line":12,"column":40}}},"fnMap":{"0":{"name":"(anonymous_0)","decl":{"start":{"line":6,"column":16},"end":{"line":6,"column":17}},"loc":{"start":{"line":6,"column":66},"end":{"line":13,"column":1}},"line":6}},"branchMap":{"0":{"loc":{"start":{"line":6,"column":39},"end":{"line":6,"column":61}},"type":"default-arg","locations":[{"start":{"line":6,"column":52},"end":{"line":6,"column":61}}],"line":6}},"s":{"0":1,"1":3,"2":3,"3":3,"4":3,"5":3,"6":3},"f":{"0":3},"b":{"0":[1]},"_coverageSchema":"1a1c01bbd47fc00a2c39e90264f33305004495a9","hash":"d135bc9369e7cbe34c1498bb1e499f2cb179319d"}
,"/home/panechek/frontend-project-lvl2/src/parsers.js": {"path":"/home/panechek/frontend-project-lvl2/src/parsers.js","statementMap":{"0":{"start":{"line":6,"column":15},"end":{"line":16,"column":1}},"1":{"start":{"line":7,"column":17},"end":{"line":7,"column":47}},"2":{"start":{"line":8,"column":15},"end":{"line":8,"column":48}},"3":{"start":{"line":10,"column":2},"end":{"line":14,"column":3}},"4":{"start":{"line":11,"column":4},"end":{"line":11,"column":23}},"5":{"start":{"line":12,"column":9},"end":{"line":14,"column":3}},"6":{"start":{"line":13,"column":4},"end":{"line":13,"column":22}},"7":{"start":{"line":15,"column":2},"end":{"line":15,"column":21}}},"fnMap":{"0":{"name":"(anonymous_0)","decl":{"start":{"line":6,"column":15},"end":{"line":6,"column":16}},"loc":{"start":{"line":6,"column":29},"end":{"line":16,"column":1}},"line":6}},"branchMap":{"0":{"loc":{"start":{"line":10,"column":2},"end":{"line":14,"column":3}},"type":"if","locations":[{"start":{"line":10,"column":2},"end":{"line":14,"column":3}},{"start":{"line":12,"column":9},"end":{"line":14,"column":3}}],"line":10},"1":{"loc":{"start":{"line":12,"column":9},"end":{"line":14,"column":3}},"type":"if","locations":[{"start":{"line":12,"column":9},"end":{"line":14,"column":3}},{"start":{},"end":{}}],"line":12},"2":{"loc":{"start":{"line":12,"column":13},"end":{"line":12,"column":52}},"type":"binary-expr","locations":[{"start":{"line":12,"column":13},"end":{"line":12,"column":30}},{"start":{"line":12,"column":34},"end":{"line":12,"column":52}}],"line":12}},"s":{"0":1,"1":9,"2":9,"3":9,"4":4,"5":5,"6":5,"7":9},"f":{"0":9},"b":{"0":[4,5],"1":[5,0],"2":[5,4]},"_coverageSchema":"1a1c01bbd47fc00a2c39e90264f33305004495a9","hash":"bc3159067076ec89a5adad5e4fbdc348b68c1126"}
,"/home/panechek/frontend-project-lvl2/src/formatters/index.js": {"path":"/home/panechek/frontend-project-lvl2/src/formatters/index.js","statementMap":{"0":{"start":{"line":4,"column":19},"end":{"line":14,"column":1}},"1":{"start":{"line":6,"column":2},"end":{"line":12,"column":3}},"2":{"start":{"line":7,"column":4},"end":{"line":7,"column":19}},"3":{"start":{"line":8,"column":9},"end":{"line":12,"column":3}},"4":{"start":{"line":9,"column":4},"end":{"line":9,"column":17}},"5":{"start":{"line":11,"column":4},"end":{"line":11,"column":54}},"6":{"start":{"line":13,"column":2},"end":{"line":13,"column":20}}},"fnMap":{"0":{"name":"(anonymous_0)","decl":{"start":{"line":4,"column":19},"end":{"line":4,"column":20}},"loc":{"start":{"line":4,"column":41},"end":{"line":14,"column":1}},"line":4}},"branchMap":{"0":{"loc":{"start":{"line":6,"column":2},"end":{"line":12,"column":3}},"type":"if","locations":[{"start":{"line":6,"column":2},"end":{"line":12,"column":3}},{"start":{"line":8,"column":9},"end":{"line":12,"column":3}}],"line":6},"1":{"loc":{"start":{"line":8,"column":9},"end":{"line":12,"column":3}},"type":"if","locations":[{"start":{"line":8,"column":9},"end":{"line":12,"column":3}},{"start":{"line":10,"column":9},"end":{"line":12,"column":3}}],"line":8}},"s":{"0":1,"1":3,"2":1,"3":2,"4":1,"5":1,"6":2},"f":{"0":3},"b":{"0":[1,2],"1":[1,1]},"_coverageSchema":"1a1c01bbd47fc00a2c39e90264f33305004495a9","hash":"1b2f6c7ad456cb96cafa8a9c18deeba5b32718f0"}
,"/home/panechek/frontend-project-lvl2/src/formatters/plain.js": {"path":"/home/panechek/frontend-project-lvl2/src/formatters/plain.js","statementMap":{"0":{"start":{"line":1,"column":14},"end":{"line":42,"column":1}},"1":{"start":{"line":2,"column":20},"end":{"line":10,"column":3}},"2":{"start":{"line":3,"column":4},"end":{"line":5,"column":5}},"3":{"start":{"line":4,"column":6},"end":{"line":4,"column":17}},"4":{"start":{"line":6,"column":4},"end":{"line":8,"column":5}},"5":{"start":{"line":7,"column":6},"end":{"line":7,"column":35}},"6":{"start":{"line":9,"column":4},"end":{"line":9,"column":29}},"7":{"start":{"line":11,"column":15},"end":{"line":39,"column":3}},"8":{"start":{"line":13,"column":22},"end":{"line":13,"column":26}},"9":{"start":{"line":14,"column":4},"end":{"line":37,"column":5}},"10":{"start":{"line":15,"column":6},"end":{"line":34,"column":7}},"11":{"start":{"line":16,"column":8},"end":{"line":16,"column":41}},"12":{"start":{"line":17,"column":8},"end":{"line":17,"column":54}},"13":{"start":{"line":18,"column":13},"end":{"line":34,"column":7}},"14":{"start":{"line":19,"column":8},"end":{"line":19,"column":41}},"15":{"start":{"line":20,"column":22},"end":{"line":20,"column":51}},"16":{"start":{"line":21,"column":8},"end":{"line":21,"column":73}},"17":{"start":{"line":22,"column":13},"end":{"line":34,"column":7}},"18":{"start":{"line":23,"column":23},"end":{"line":23,"column":64}},"19":{"start":{"line":24,"column":23},"end":{"line":24,"column":64}},"20":{"start":{"line":25,"column":8},"end":{"line":25,"column":41}},"21":{"start":{"line":26,"column":8},"end":{"line":26,"column":83}},"22":{"start":{"line":27,"column":13},"end":{"line":34,"column":7}},"23":{"start":{"line":28,"column":8},"end":{"line":28,"column":41}},"24":{"start":{"line":29,"column":8},"end":{"line":33,"column":9}},"25":{"start":{"line":30,"column":10},"end":{"line":30,"column":60}},"26":{"start":{"line":32,"column":10},"end":{"line":32,"column":19}},"27":{"start":{"line":35,"column":11},"end":{"line":37,"column":5}},"28":{"start":{"line":36,"column":6},"end":{"line":36,"column":62}},"29":{"start":{"line":36,"column":38},"end":{"line":36,"column":60}},"30":{"start":{"line":38,"column":4},"end":{"line":38,"column":15}},"31":{"start":{"line":40,"column":14},"end":{"line":40,"column":28}},"32":{"start":{"line":41,"column":2},"end":{"line":41,"column":39}}},"fnMap":{"0":{"name":"(anonymous_0)","decl":{"start":{"line":1,"column":14},"end":{"line":1,"column":15}},"loc":{"start":{"line":1,"column":24},"end":{"line":42,"column":1}},"line":1},"1":{"name":"(anonymous_1)","decl":{"start":{"line":2,"column":20},"end":{"line":2,"column":21}},"loc":{"start":{"line":2,"column":29},"end":{"line":10,"column":3}},"line":2},"2":{"name":"(anonymous_2)","decl":{"start":{"line":11,"column":15},"end":{"line":11,"column":16}},"loc":{"start":{"line":11,"column":39},"end":{"line":39,"column":3}},"line":11},"3":{"name":"(anonymous_3)","decl":{"start":{"line":36,"column":29},"end":{"line":36,"column":30}},"loc":{"start":{"line":36,"column":38},"end":{"line":36,"column":60}},"line":36}},"branchMap":{"0":{"loc":{"start":{"line":3,"column":4},"end":{"line":5,"column":5}},"type":"if","locations":[{"start":{"line":3,"column":4},"end":{"line":5,"column":5}},{"start":{},"end":{}}],"line":3},"1":{"loc":{"start":{"line":3,"column":8},"end":{"line":3,"column":69}},"type":"binary-expr","locations":[{"start":{"line":3,"column":8},"end":{"line":3,"column":20}},{"start":{"line":3,"column":24},"end":{"line":3,"column":41}},{"start":{"line":3,"column":45},"end":{"line":3,"column":69}}],"line":3},"2":{"loc":{"start":{"line":6,"column":4},"end":{"line":8,"column":5}},"type":"if","locations":[{"start":{"line":6,"column":4},"end":{"line":8,"column":5}},{"start":{},"end":{}}],"line":6},"3":{"loc":{"start":{"line":14,"column":4},"end":{"line":37,"column":5}},"type":"if","locations":[{"start":{"line":14,"column":4},"end":{"line":37,"column":5}},{"start":{"line":35,"column":11},"end":{"line":37,"column":5}}],"line":14},"4":{"loc":{"start":{"line":15,"column":6},"end":{"line":34,"column":7}},"type":"if","locations":[{"start":{"line":15,"column":6},"end":{"line":34,"column":7}},{"start":{"line":18,"column":13},"end":{"line":34,"column":7}}],"line":15},"5":{"loc":{"start":{"line":18,"column":13},"end":{"line":34,"column":7}},"type":"if","locations":[{"start":{"line":18,"column":13},"end":{"line":34,"column":7}},{"start":{"line":22,"column":13},"end":{"line":34,"column":7}}],"line":18},"6":{"loc":{"start":{"line":22,"column":13},"end":{"line":34,"column":7}},"type":"if","locations":[{"start":{"line":22,"column":13},"end":{"line":34,"column":7}},{"start":{"line":27,"column":13},"end":{"line":34,"column":7}}],"line":22},"7":{"loc":{"start":{"line":27,"column":13},"end":{"line":34,"column":7}},"type":"if","locations":[{"start":{"line":27,"column":13},"end":{"line":34,"column":7}},{"start":{},"end":{}}],"line":27},"8":{"loc":{"start":{"line":29,"column":8},"end":{"line":33,"column":9}},"type":"if","locations":[{"start":{"line":29,"column":8},"end":{"line":33,"column":9}},{"start":{"line":31,"column":15},"end":{"line":33,"column":9}}],"line":29},"9":{"loc":{"start":{"line":35,"column":11},"end":{"line":37,"column":5}},"type":"if","locations":[{"start":{"line":35,"column":11},"end":{"line":37,"column":5}},{"start":{},"end":{}}],"line":35}},"s":{"0":1,"1":1,"2":20,"3":3,"4":17,"5":10,"6":7,"7":1,"8":23,"9":23,"10":18,"11":2,"12":2,"13":16,"14":5,"15":5,"16":5,"17":11,"18":4,"19":4,"20":4,"21":4,"22":7,"23":7,"24":7,"25":4,"26":3,"27":5,"28":5,"29":18,"30":23,"31":1,"32":1},"f":{"0":1,"1":20,"2":23,"3":18},"b":{"0":[3,17],"1":[20,19,19],"2":[10,7],"3":[18,5],"4":[2,16],"5":[5,11],"6":[4,7],"7":[7,0],"8":[4,3],"9":[5,0]},"_coverageSchema":"1a1c01bbd47fc00a2c39e90264f33305004495a9","hash":"2273a3f57eccefff2f6984ff1239efe5a8c9854c"}
,"/home/panechek/frontend-project-lvl2/src/formatters/stylish.js": {"path":"/home/panechek/frontend-project-lvl2/src/formatters/stylish.js","statementMap":{"0":{"start":{"line":1,"column":16},"end":{"line":45,"column":1}},"1":{"start":{"line":2,"column":15},"end":{"line":43,"column":3}},"2":{"start":{"line":3,"column":23},"end":{"line":3,"column":42}},"3":{"start":{"line":4,"column":26},"end":{"line":4,"column":53}},"4":{"start":{"line":5,"column":26},"end":{"line":5,"column":67}},"5":{"start":{"line":6,"column":4},"end":{"line":8,"column":5}},"6":{"start":{"line":7,"column":6},"end":{"line":7,"column":26}},"7":{"start":{"line":9,"column":4},"end":{"line":11,"column":5}},"8":{"start":{"line":10,"column":6},"end":{"line":10,"column":37}},"9":{"start":{"line":12,"column":4},"end":{"line":18,"column":5}},"10":{"start":{"line":13,"column":20},"end":{"line":13,"column":63}},"11":{"start":{"line":13,"column":46},"end":{"line":13,"column":62}},"12":{"start":{"line":14,"column":6},"end":{"line":17,"column":19}},"13":{"start":{"line":19,"column":4},"end":{"line":33,"column":5}},"14":{"start":{"line":21,"column":6},"end":{"line":29,"column":7}},"15":{"start":{"line":22,"column":8},"end":{"line":22,"column":97}},"16":{"start":{"line":23,"column":13},"end":{"line":29,"column":7}},"17":{"start":{"line":24,"column":8},"end":{"line":24,"column":97}},"18":{"start":{"line":25,"column":13},"end":{"line":29,"column":7}},"19":{"start":{"line":26,"column":8},"end":{"line":26,"column":197}},"20":{"start":{"line":28,"column":8},"end":{"line":28,"column":118}},"21":{"start":{"line":30,"column":6},"end":{"line":32,"column":17}},"22":{"start":{"line":34,"column":19},"end":{"line":34,"column":23}},"23":{"start":{"line":35,"column":18},"end":{"line":37,"column":86}},"24":{"start":{"line":37,"column":27},"end":{"line":37,"column":85}},"25":{"start":{"line":38,"column":4},"end":{"line":42,"column":17}},"26":{"start":{"line":44,"column":2},"end":{"line":44,"column":23}}},"fnMap":{"0":{"name":"(anonymous_0)","decl":{"start":{"line":1,"column":16},"end":{"line":1,"column":17}},"loc":{"start":{"line":1,"column":60},"end":{"line":45,"column":1}},"line":1},"1":{"name":"(anonymous_1)","decl":{"start":{"line":2,"column":15},"end":{"line":2,"column":16}},"loc":{"start":{"line":2,"column":40},"end":{"line":43,"column":3}},"line":2},"2":{"name":"(anonymous_2)","decl":{"start":{"line":13,"column":37},"end":{"line":13,"column":38}},"loc":{"start":{"line":13,"column":46},"end":{"line":13,"column":62}},"line":13},"3":{"name":"(anonymous_3)","decl":{"start":{"line":37,"column":11},"end":{"line":37,"column":12}},"loc":{"start":{"line":37,"column":27},"end":{"line":37,"column":85}},"line":37}},"branchMap":{"0":{"loc":{"start":{"line":1,"column":23},"end":{"line":1,"column":38}},"type":"default-arg","locations":[{"start":{"line":1,"column":34},"end":{"line":1,"column":38}}],"line":1},"1":{"loc":{"start":{"line":1,"column":40},"end":{"line":1,"column":55}},"type":"default-arg","locations":[{"start":{"line":1,"column":54},"end":{"line":1,"column":55}}],"line":1},"2":{"loc":{"start":{"line":6,"column":4},"end":{"line":8,"column":5}},"type":"if","locations":[{"start":{"line":6,"column":4},"end":{"line":8,"column":5}},{"start":{},"end":{}}],"line":6},"3":{"loc":{"start":{"line":6,"column":8},"end":{"line":6,"column":59}},"type":"binary-expr","locations":[{"start":{"line":6,"column":8},"end":{"line":6,"column":29}},{"start":{"line":6,"column":33},"end":{"line":6,"column":59}}],"line":6},"4":{"loc":{"start":{"line":9,"column":4},"end":{"line":11,"column":5}},"type":"if","locations":[{"start":{"line":9,"column":4},"end":{"line":11,"column":5}},{"start":{},"end":{}}],"line":9},"5":{"loc":{"start":{"line":12,"column":4},"end":{"line":18,"column":5}},"type":"if","locations":[{"start":{"line":12,"column":4},"end":{"line":18,"column":5}},{"start":{},"end":{}}],"line":12},"6":{"loc":{"start":{"line":19,"column":4},"end":{"line":33,"column":5}},"type":"if","locations":[{"start":{"line":19,"column":4},"end":{"line":33,"column":5}},{"start":{},"end":{}}],"line":19},"7":{"loc":{"start":{"line":21,"column":6},"end":{"line":29,"column":7}},"type":"if","locations":[{"start":{"line":21,"column":6},"end":{"line":29,"column":7}},{"start":{"line":23,"column":13},"end":{"line":29,"column":7}}],"line":21},"8":{"loc":{"start":{"line":23,"column":13},"end":{"line":29,"column":7}},"type":"if","locations":[{"start":{"line":23,"column":13},"end":{"line":29,"column":7}},{"start":{"line":25,"column":13},"end":{"line":29,"column":7}}],"line":23},"9":{"loc":{"start":{"line":25,"column":13},"end":{"line":29,"column":7}},"type":"if","locations":[{"start":{"line":25,"column":13},"end":{"line":29,"column":7}},{"start":{"line":27,"column":13},"end":{"line":29,"column":7}}],"line":25}},"s":{"0":1,"1":1,"2":50,"3":50,"4":50,"5":50,"6":1,"7":49,"8":19,"9":30,"10":5,"11":18,"12":5,"13":25,"14":18,"15":5,"16":13,"17":2,"18":11,"19":4,"20":7,"21":18,"22":7,"23":7,"24":9,"25":7,"26":1},"f":{"0":1,"1":50,"2":18,"3":9},"b":{"0":[1],"1":[1],"2":[1,49],"3":[50,49],"4":[19,30],"5":[5,25],"6":[18,7],"7":[5,13],"8":[2,11],"9":[4,7]},"_coverageSchema":"1a1c01bbd47fc00a2c39e90264f33305004495a9","hash":"9141d72bbd0eb7fd22399d71f5c268898e7ca76e"}
}
