TN:
SF:src/compare.js
FN:3,(anonymous_0)
FN:6,(anonymous_1)
FN:24,(anonymous_2)
FNF:3
FNH:3
FNDA:40,(anonymous_0)
FNDA:151,(anonymous_1)
FNDA:151,(anonymous_2)
DA:3,1
DA:4,40
DA:5,40
DA:6,40
DA:8,151
DA:9,93
DA:10,22
DA:11,71
DA:12,32
DA:13,32
DA:15,39
DA:17,58
DA:18,18
DA:20,40
DA:22,151
DA:24,151
DA:25,40
LF:17
LH:17
BRDA:8,0,0,93
BRDA:8,0,1,58
BRDA:8,1,0,151
BRDA:8,1,1,111
BRDA:9,2,0,22
BRDA:9,2,1,71
BRDA:11,3,0,32
BRDA:11,3,1,39
BRDA:11,4,0,71
BRDA:11,4,1,41
BRDA:17,5,0,18
BRDA:17,5,1,40
BRF:12
BRH:12
end_of_record
TN:
SF:src/getPath.js
FN:4,(anonymous_0)
FN:10,(anonymous_1)
FNF:2
FNH:2
FNDA:16,(anonymous_0)
FNDA:1,(anonymous_1)
DA:4,1
DA:5,16
DA:6,15
DA:8,1
DA:9,1
DA:10,1
DA:11,1
DA:12,1
LF:8
LH:8
BRDA:5,0,0,15
BRDA:5,0,1,1
BRF:2
BRH:2
end_of_record
TN:
SF:src/index.js
FN:6,(anonymous_0)
FNF:1
FNH:1
FNDA:7,(anonymous_0)
DA:6,1
DA:7,7
DA:8,7
DA:9,7
DA:10,7
DA:11,7
DA:12,7
LF:7
LH:7
BRDA:6,0,0,2
BRF:1
BRH:1
end_of_record
TN:
SF:src/parsers.js
FN:6,(anonymous_0)
FNF:1
FNH:1
FNDA:17,(anonymous_0)
DA:6,1
DA:7,17
DA:8,17
DA:10,17
DA:11,10
DA:12,7
DA:13,7
DA:15,0
DA:17,17
LF:9
LH:8
BRDA:10,0,0,10
BRDA:10,0,1,7
BRDA:12,1,0,7
BRDA:12,1,1,0
BRDA:12,2,0,7
BRDA:12,2,1,6
BRF:6
BRH:5
end_of_record
TN:
SF:src/formatters/plain.js
FN:1,(anonymous_0)
FN:2,(anonymous_1)
FN:11,(anonymous_2)
FN:36,(anonymous_3)
FNF:4
FNH:4
FNDA:2,(anonymous_0)
FNDA:54,(anonymous_1)
FNDA:58,(anonymous_2)
FNDA:46,(anonymous_3)
DA:1,1
DA:2,2
DA:3,54
DA:4,12
DA:6,42
DA:7,25
DA:9,17
DA:11,2
DA:13,58
DA:14,58
DA:15,46
DA:16,5
DA:17,5
DA:18,41
DA:19,12
DA:20,12
DA:21,12
DA:22,29
DA:23,13
DA:24,13
DA:25,13
DA:26,13
DA:27,16
DA:28,16
DA:29,16
DA:30,10
DA:32,6
DA:35,12
DA:36,46
DA:38,58
DA:40,2
DA:41,2
LF:32
LH:32
BRDA:3,0,0,12
BRDA:3,0,1,42
BRDA:3,1,0,54
BRDA:3,1,1,51
BRDA:3,1,2,51
BRDA:3,1,3,44
BRDA:6,2,0,25
BRDA:6,2,1,17
BRDA:14,3,0,46
BRDA:14,3,1,12
BRDA:15,4,0,5
BRDA:15,4,1,41
BRDA:18,5,0,12
BRDA:18,5,1,29
BRDA:22,6,0,13
BRDA:22,6,1,16
BRDA:27,7,0,16
BRDA:27,7,1,0
BRDA:29,8,0,10
BRDA:29,8,1,6
BRDA:35,9,0,12
BRDA:35,9,1,0
BRF:22
BRH:20
end_of_record
