TN:
SF:src/compare.js
FN:3,(anonymous_0)
FN:6,(anonymous_1)
FN:22,(anonymous_2)
FNF:3
FNH:3
FNDA:40,(anonymous_0)
FNDA:151,(anonymous_1)
FNDA:151,(anonymous_2)
DA:3,1
DA:4,40
DA:5,40
DA:6,40
DA:7,151
DA:8,93
DA:9,22
DA:11,71
DA:12,32
DA:13,32
DA:15,39
DA:17,58
DA:18,18
DA:20,40
DA:22,151
DA:23,40
LF:16
LH:16
BRDA:7,0,0,93
BRDA:7,0,1,58
BRDA:7,1,0,151
BRDA:7,1,1,111
BRDA:8,2,0,22
BRDA:8,2,1,71
BRDA:11,3,0,32
BRDA:11,3,1,39
BRDA:11,4,0,71
BRDA:11,4,1,41
BRDA:17,5,0,18
BRDA:17,5,1,40
BRF:12
BRH:12
end_of_record
TN:
SF:src/parsers.js
FN:6,(anonymous_0)
FNF:1
FNH:1
FNDA:17,(anonymous_0)
DA:6,1
DA:7,17
DA:8,17
DA:9,17
DA:10,10
DA:12,7
DA:13,7
DA:15,0
LF:8
LH:7
BRDA:9,0,0,10
BRDA:9,0,1,7
BRDA:12,1,0,7
BRDA:12,1,1,0
BRDA:12,2,0,7
BRDA:12,2,1,6
BRF:6
BRH:5
end_of_record
TN:
SF:src/formatters/index.js
FN:5,(anonymous_0)
FNF:1
FNH:1
FNDA:7,(anonymous_0)
DA:5,1
DA:6,7
DA:7,3
DA:9,4
DA:10,2
DA:12,2
DA:13,1
DA:15,1
LF:8
LH:8
BRDA:6,0,0,3
BRDA:6,0,1,4
BRDA:9,1,0,2
BRDA:9,1,1,2
BRDA:12,2,0,1
BRDA:12,2,1,1
BRF:6
BRH:6
end_of_record
TN:
SF:src/formatters/plain.js
FN:1,(anonymous_0)
FN:2,(anonymous_1)
FN:11,(anonymous_2)
FN:36,(anonymous_3)
FNF:4
FNH:4
FNDA:2,(anonymous_0)
FNDA:54,(anonymous_1)
FNDA:58,(anonymous_2)
FNDA:46,(anonymous_3)
DA:1,1
DA:2,2
DA:3,54
DA:4,12
DA:6,42
DA:7,25
DA:9,17
DA:11,2
DA:12,58
DA:13,46
DA:14,5
DA:15,5
DA:17,41
DA:18,12
DA:19,12
DA:20,12
DA:22,29
DA:23,13
DA:24,13
DA:25,13
DA:26,13
DA:28,16
DA:29,16
DA:30,16
DA:31,10
DA:33,6
DA:36,46
DA:38,2
DA:39,2
LF:29
LH:29
BRDA:3,0,0,12
BRDA:3,0,1,42
BRDA:3,1,0,54
BRDA:3,1,1,51
BRDA:3,1,2,51
BRDA:3,1,3,44
BRDA:6,2,0,25
BRDA:6,2,1,17
BRDA:12,3,0,46
BRDA:12,3,1,12
BRDA:13,4,0,5
BRDA:13,4,1,41
BRDA:17,5,0,12
BRDA:17,5,1,29
BRDA:22,6,0,13
BRDA:22,6,1,16
BRDA:28,7,0,16
BRDA:28,7,1,0
BRDA:30,8,0,10
BRDA:30,8,1,6
BRF:20
BRH:19
end_of_record
TN:
SF:src/formatters/stylish.js
FN:1,(anonymous_0)
FN:2,(anonymous_1)
FN:13,(anonymous_2)
FN:46,(anonymous_3)
FNF:4
FNH:4
FNDA:3,(anonymous_0)
FNDA:176,(anonymous_1)
FNDA:64,(anonymous_2)
FNDA:28,(anonymous_3)
DA:1,1
DA:2,3
DA:3,176
DA:4,176
DA:5,176
DA:6,176
DA:7,4
DA:9,172
DA:10,69
DA:12,103
DA:13,64
DA:14,17
DA:19,86
DA:20,64
DA:21,17
DA:22,17
DA:26,47
DA:27,7
DA:28,7
DA:32,40
DA:33,17
DA:34,17
DA:38,23
DA:39,23
DA:43,22
DA:44,22
DA:46,28
DA:47,22
DA:53,3
LF:29
LH:29
BRDA:1,0,0,3
BRDA:1,1,0,3
BRDA:6,2,0,4
BRDA:6,2,1,172
BRDA:6,3,0,176
BRDA:6,3,1,172
BRDA:9,4,0,69
BRDA:9,4,1,103
BRDA:12,5,0,17
BRDA:12,5,1,86
BRDA:19,6,0,64
BRDA:19,6,1,22
BRDA:20,7,0,17
BRDA:20,7,1,47
BRDA:26,8,0,7
BRDA:26,8,1,40
BRDA:32,9,0,17
BRDA:32,9,1,23
BRF:18
BRH:18
end_of_record
